2019-07-31 16:20:49,155 - log\2019-07-31-162044train.log - INFO - Text Vocabulary Size: 421
2019-07-31 16:20:49,156 - log\2019-07-31-162044train.log - INFO - x = (8894, 202)
2019-07-31 16:20:49,156 - log\2019-07-31-162044train.log - INFO - y = (8894, 6)
2019-07-31 16:20:49,156 - log\2019-07-31-162044train.log - INFO - 
2019-07-31 16:20:49,167 - log\2019-07-31-162044train.log - INFO - Train/Dev split: 8005/889

2019-07-31 16:20:50,189 - log\2019-07-31-162044train.log - INFO - Writing to D:\MyNLP\Attention-Based-BiLSTM-relation-extraction\runs\1564561250

2019-07-31 16:20:51,512 - log\2019-07-31-162044train.log - INFO - Success to load pre-trained word2vec model!

2019-07-31 16:20:53,053 - log\2019-07-31-162044train.log - INFO - 2019-07-31T16:20:53.053960: step 10, loss 1.46105, acc 0.7
2019-07-31 16:20:54,002 - log\2019-07-31-162044train.log - INFO - 2019-07-31T16:20:54.002413: step 20, loss 0.84696, acc 0.8
2019-07-31 16:20:54,910 - log\2019-07-31-162044train.log - INFO - 2019-07-31T16:20:54.910890: step 30, loss 1.35309, acc 0.6
2019-07-31 16:20:55,848 - log\2019-07-31-162044train.log - INFO - 2019-07-31T16:20:55.848350: step 40, loss 0.830066, acc 0.7
2019-07-31 16:20:56,764 - log\2019-07-31-162044train.log - INFO - 2019-07-31T16:20:56.764821: step 50, loss 0.39636, acc 0.9
2019-07-31 16:20:57,690 - log\2019-07-31-162044train.log - INFO - 2019-07-31T16:20:57.690287: step 60, loss 0.895699, acc 0.9
2019-07-31 16:20:58,653 - log\2019-07-31-162044train.log - INFO - 2019-07-31T16:20:58.653732: step 70, loss 0.941474, acc 0.8
2019-07-31 16:20:59,617 - log\2019-07-31-162044train.log - INFO - 2019-07-31T16:20:59.617176: step 80, loss 0.29945, acc 1
2019-07-31 16:21:00,684 - log\2019-07-31-162044train.log - INFO - 2019-07-31T16:21:00.684560: step 90, loss 1.1961, acc 0.7
2019-07-31 16:21:01,665 - log\2019-07-31-162044train.log - INFO - 2019-07-31T16:21:01.665994: step 100, loss 1.07947, acc 0.7
2019-07-31 16:21:04,053 - log\2019-07-31-162044train.log - INFO - 2019-07-31T16:21:04.052618: step 100, loss 0.769084, acc 0.799775
2019-07-31 16:21:04,053 - log\2019-07-31-162044train.log - INFO - [UNOFFICIAL] (2*9+1)-Way Macro-Average F1 Score (excluding Other): 0

2019-07-31 16:21:04,056 - log\2019-07-31-162044train.log - INFO -               precision    recall  f1-score   support

          NA       0.80      1.00      0.89       711
          At       0.00      0.00      0.00        71
    Specifiy       0.00      0.00      0.00         0
      SizeOf       0.00      0.00      0.00        34
     Related       0.00      0.00      0.00        40
      Negate       0.00      0.00      0.00        33

   micro avg       0.80      0.80      0.80       889
   macro avg       0.13      0.17      0.15       889
weighted avg       0.64      0.80      0.71       889

2019-07-31 16:21:05,091 - log\2019-07-31-162044train.log - INFO - 2019-07-31T16:21:05.091019: step 110, loss 0.625087, acc 0.8
2019-07-31 16:21:06,059 - log\2019-07-31-162044train.log - INFO - 2019-07-31T16:21:06.059461: step 120, loss 0.448781, acc 0.8
2019-07-31 16:21:07,401 - log\2019-07-31-162044train.log - INFO - 2019-07-31T16:21:07.401687: step 130, loss 0.519069, acc 0.8
2019-07-31 16:21:08,430 - log\2019-07-31-162044train.log - INFO - 2019-07-31T16:21:08.430093: step 140, loss 0.838023, acc 0.7
2019-07-31 16:21:09,407 - log\2019-07-31-162044train.log - INFO - 2019-07-31T16:21:09.407530: step 150, loss 0.415844, acc 0.9
2019-07-31 16:21:10,354 - log\2019-07-31-162044train.log - INFO - 2019-07-31T16:21:10.354984: step 160, loss 0.38268, acc 0.9
2019-07-31 16:21:11,290 - log\2019-07-31-162044train.log - INFO - 2019-07-31T16:21:11.290446: step 170, loss 0.898798, acc 0.9
2019-07-31 16:21:12,340 - log\2019-07-31-162044train.log - INFO - 2019-07-31T16:21:12.340838: step 180, loss 0.802386, acc 0.7
2019-07-31 16:21:13,377 - log\2019-07-31-162044train.log - INFO - 2019-07-31T16:21:13.377241: step 190, loss 0.414683, acc 0.9
2019-07-31 16:21:14,381 - log\2019-07-31-162044train.log - INFO - 2019-07-31T16:21:14.381662: step 200, loss 1.36536, acc 0.6
2019-07-31 16:21:16,809 - log\2019-07-31-162044train.log - INFO - 2019-07-31T16:21:16.808263: step 200, loss 0.774444, acc 0.799775
2019-07-31 16:21:16,809 - log\2019-07-31-162044train.log - INFO - [UNOFFICIAL] (2*9+1)-Way Macro-Average F1 Score (excluding Other): 0

2019-07-31 16:21:16,812 - log\2019-07-31-162044train.log - INFO -               precision    recall  f1-score   support

          NA       0.80      1.00      0.89       711
          At       0.00      0.00      0.00        71
    Specifiy       0.00      0.00      0.00         0
      SizeOf       0.00      0.00      0.00        34
     Related       0.00      0.00      0.00        40
      Negate       0.00      0.00      0.00        33

   micro avg       0.80      0.80      0.80       889
   macro avg       0.13      0.17      0.15       889
weighted avg       0.64      0.80      0.71       889

2019-07-31 16:21:17,805 - log\2019-07-31-162044train.log - INFO - 2019-07-31T16:21:17.804688: step 210, loss 0.976974, acc 0.8
2019-07-31 16:21:18,777 - log\2019-07-31-162044train.log - INFO - 2019-07-31T16:21:18.777127: step 220, loss 0.656776, acc 0.8
2019-07-31 16:21:19,704 - log\2019-07-31-162044train.log - INFO - 2019-07-31T16:21:19.704593: step 230, loss 0.51552, acc 0.9
2019-07-31 16:21:20,659 - log\2019-07-31-162044train.log - INFO - 2019-07-31T16:21:20.659042: step 240, loss 1.13138, acc 0.6
2019-07-31 16:21:21,654 - log\2019-07-31-162044train.log - INFO - 2019-07-31T16:21:21.654469: step 250, loss 0.820043, acc 0.8
2019-07-31 16:21:22,596 - log\2019-07-31-162044train.log - INFO - 2019-07-31T16:21:22.596925: step 260, loss 1.02304, acc 0.7
2019-07-31 16:21:23,525 - log\2019-07-31-162044train.log - INFO - 2019-07-31T16:21:23.525389: step 270, loss 0.555769, acc 0.9
2019-07-31 16:21:24,497 - log\2019-07-31-162044train.log - INFO - 2019-07-31T16:21:24.497828: step 280, loss 0.856122, acc 0.8
2019-07-31 16:21:25,450 - log\2019-07-31-162044train.log - INFO - 2019-07-31T16:21:25.450280: step 290, loss 0.830163, acc 0.7
2019-07-31 16:21:26,431 - log\2019-07-31-162044train.log - INFO - 2019-07-31T16:21:26.431714: step 300, loss 1.05201, acc 0.7
2019-07-31 16:21:28,671 - log\2019-07-31-162044train.log - INFO - 2019-07-31T16:21:28.670422: step 300, loss 0.768582, acc 0.799775
2019-07-31 16:21:28,671 - log\2019-07-31-162044train.log - INFO - [UNOFFICIAL] (2*9+1)-Way Macro-Average F1 Score (excluding Other): 0

2019-07-31 16:21:28,673 - log\2019-07-31-162044train.log - INFO -               precision    recall  f1-score   support

          NA       0.80      1.00      0.89       711
          At       0.00      0.00      0.00        71
    Specifiy       0.00      0.00      0.00         0
      SizeOf       0.00      0.00      0.00        34
     Related       0.00      0.00      0.00        40
      Negate       0.00      0.00      0.00        33

   micro avg       0.80      0.80      0.80       889
   macro avg       0.13      0.17      0.15       889
weighted avg       0.64      0.80      0.71       889

2019-07-31 16:21:29,688 - log\2019-07-31-162044train.log - INFO - 2019-07-31T16:21:29.688834: step 310, loss 0.645387, acc 0.9
2019-07-31 16:21:30,744 - log\2019-07-31-162044train.log - INFO - 2019-07-31T16:21:30.744226: step 320, loss 0.641903, acc 0.7
2019-07-31 16:21:31,742 - log\2019-07-31-162044train.log - INFO - 2019-07-31T16:21:31.742650: step 330, loss 0.308778, acc 0.9
2019-07-31 16:21:32,665 - log\2019-07-31-162044train.log - INFO - 2019-07-31T16:21:32.665118: step 340, loss 0.403439, acc 0.9
2019-07-31 16:21:33,636 - log\2019-07-31-162044train.log - INFO - 2019-07-31T16:21:33.636559: step 350, loss 0.423473, acc 0.9
2019-07-31 16:21:34,615 - log\2019-07-31-162044train.log - INFO - 2019-07-31T16:21:34.615993: step 360, loss 1.06799, acc 0.6
2019-07-31 16:21:35,653 - log\2019-07-31-162044train.log - INFO - 2019-07-31T16:21:35.653395: step 370, loss 0.428498, acc 0.9
2019-07-31 16:21:36,634 - log\2019-07-31-162044train.log - INFO - 2019-07-31T16:21:36.634829: step 380, loss 1.28658, acc 0.7
2019-07-31 16:21:37,562 - log\2019-07-31-162044train.log - INFO - 2019-07-31T16:21:37.562294: step 390, loss 0.872043, acc 0.8
2019-07-31 16:21:38,513 - log\2019-07-31-162044train.log - INFO - 2019-07-31T16:21:38.513747: step 400, loss 1.22052, acc 0.7
2019-07-31 16:21:40,758 - log\2019-07-31-162044train.log - INFO - 2019-07-31T16:21:40.757452: step 400, loss 0.743606, acc 0.799775
2019-07-31 16:21:40,758 - log\2019-07-31-162044train.log - INFO - [UNOFFICIAL] (2*9+1)-Way Macro-Average F1 Score (excluding Other): 0

2019-07-31 16:21:40,761 - log\2019-07-31-162044train.log - INFO -               precision    recall  f1-score   support

          NA       0.80      1.00      0.89       711
          At       0.00      0.00      0.00        71
    Specifiy       0.00      0.00      0.00         0
      SizeOf       0.00      0.00      0.00        34
     Related       0.00      0.00      0.00        40
      Negate       0.00      0.00      0.00        33

   micro avg       0.80      0.80      0.80       889
   macro avg       0.13      0.17      0.15       889
weighted avg       0.64      0.80      0.71       889

2019-07-31 16:21:41,653 - log\2019-07-31-162044train.log - INFO - 2019-07-31T16:21:41.653937: step 410, loss 0.916608, acc 0.7
2019-07-31 16:21:42,635 - log\2019-07-31-162044train.log - INFO - 2019-07-31T16:21:42.634370: step 420, loss 1.21089, acc 0.7
2019-07-31 16:21:43,546 - log\2019-07-31-162044train.log - INFO - 2019-07-31T16:21:43.546843: step 430, loss 0.591715, acc 0.9
2019-07-31 16:21:44,538 - log\2019-07-31-162044train.log - INFO - 2019-07-31T16:21:44.538272: step 440, loss 1.50755, acc 0.6
2019-07-31 16:21:45,627 - log\2019-07-31-162044train.log - INFO - 2019-07-31T16:21:45.627644: step 450, loss 0.642261, acc 0.8
2019-07-31 16:21:46,756 - log\2019-07-31-162044train.log - INFO - 2019-07-31T16:21:46.756992: step 460, loss 0.694628, acc 0.8
2019-07-31 16:21:47,798 - log\2019-07-31-162044train.log - INFO - 2019-07-31T16:21:47.798392: step 470, loss 0.570237, acc 0.9
2019-07-31 16:21:48,776 - log\2019-07-31-162044train.log - INFO - 2019-07-31T16:21:48.775828: step 480, loss 0.182151, acc 1
